
The following files have been resolved:
   org.eclipse.jetty:jetty-webapp:jar:9.3.6.v20151106:compile
   com.cloudinary:cloudinary-core:jar:1.4.5:compile
   org.eclipse.jetty.websocket:websocket-client:jar:9.3.6.v20151106:compile
   com.cloudinary:cloudinary-http44:jar:1.4.5:compile
   org.apache.httpcomponents:httpmime:jar:4.5.2:compile
   com.sparkjava:spark-core:jar:2.5:compile
   com.google.collections:google-collections:jar:1.0:compile
   org.eclipse.jetty:jetty-security:jar:9.3.6.v20151106:compile
   org.slf4j:slf4j-simple:jar:1.7.2:compile
   mysql:mysql-connector-java:jar:5.1.6:compile
   org.eclipse.jetty:jetty-http:jar:9.3.6.v20151106:compile
   com.mashape.unirest:unirest-java:jar:1.4.9:compile
   org.apache.httpcomponents:httpclient:jar:4.5.2:compile
   com.google.code.gson:gson:jar:2.7:compile
   org.eclipse.jetty:jetty-server:jar:9.3.6.v20151106:compile
   org.eclipse.jetty:jetty-servlet:jar:9.3.6.v20151106:compile
   javax.servlet:javax.servlet-api:jar:3.1.0:compile
   org.eclipse.jetty:jetty-xml:jar:9.3.6.v20151106:compile
   org.apache.httpcomponents:httpasyncclient:jar:4.1.1:compile
   commons-codec:commons-codec:jar:1.9:compile
   org.slf4j:slf4j-api:jar:1.7.13:compile
   org.eclipse.jetty.websocket:websocket-api:jar:9.3.6.v20151106:compile
   org.eclipse.jetty.websocket:websocket-servlet:jar:9.3.6.v20151106:compile
   commons-logging:commons-logging:jar:1.2:compile
   org.eclipse.jetty:jetty-util:jar:9.3.6.v20151106:compile
   org.apache.httpcomponents:httpcore-nio:jar:4.4.4:compile
   org.eclipse.jetty.websocket:websocket-server:jar:9.3.6.v20151106:compile
   org.eclipse.jetty.websocket:websocket-common:jar:9.3.6.v20151106:compile
   org.json:json:jar:20160212:compile
   org.eclipse.jetty:jetty-io:jar:9.3.6.v20151106:compile
   org.apache.httpcomponents:httpcore:jar:4.4.4:compile
   org.apache.commons:commons-lang3:jar:3.1:compile

